{
  "RSpec": {
    "coverage": {
      "/Users/rudrapratapsinghrathore/Documents/blogapp/config/environment.rb": [
        null,
        1,
        null,
        null,
        1
      ],
      "/Users/rudrapratapsinghrathore/Documents/blogapp/config/application.rb": [
        1,
        null,
        1,
        null,
        null,
        null,
        1,
        null,
        1,
        1,
        null,
        1,
        null,
        null,
        null,
        null,
        null,
        null,
        null,
        null,
        null,
        null
      ],
      "/Users/rudrapratapsinghrathore/Documents/blogapp/config/boot.rb": [
        1,
        null,
        1,
        1
      ],
      "/Users/rudrapratapsinghrathore/Documents/blogapp/config/environments/test.rb": [
        1,
        null,
        null,
        null,
        null,
        null,
        null,
        1,
        null,
        null,
        1,
        1,
        null,
        null,
        null,
        null,
        1,
        null,
        null,
        1,
        1,
        null,
        null,
        null,
        null,
        1,
        1,
        1,
        null,
        null,
        1,
        null,
        null,
        1,
        null,
        null,
        1,
        null,
        1,
        null,
        null,
        null,
        null,
        1,
        null,
        null,
        1,
        null,
        null,
        1,
        null,
        null,
        1,
        null,
        null,
        null,
        null,
        null,
        null,
        null
      ],
      "/Users/rudrapratapsinghrathore/Documents/blogapp/config/initializers/application_controller_renderer.rb": [
        null,
        null,
        null,
        null,
        null,
        null,
        null,
        null
      ],
      "/Users/rudrapratapsinghrathore/Documents/blogapp/config/initializers/assets.rb": [
        null,
        null,
        null,
        1,
        null,
        null,
        null,
        null,
        1,
        null,
        null,
        null,
        null,
        null
      ],
      "/Users/rudrapratapsinghrathore/Documents/blogapp/config/initializers/backtrace_silencers.rb": [
        null,
        null,
        null,
        null,
        null,
        null,
        null,
        1
      ],
      "/Users/rudrapratapsinghrathore/Documents/blogapp/config/initializers/carrier_wave.rb": [
        1
      ],
      "/Users/rudrapratapsinghrathore/Documents/blogapp/config/initializers/content_security_policy.rb": [
        null,
        null,
        null,
        null,
        null,
        null,
        null,
        null,
        null,
        null,
        null,
        null,
        null,
        null,
        null,
        null,
        null,
        null,
        null,
        null,
        null,
        null,
        null,
        null,
        null,
        null,
        null,
        null,
        null,
        null
      ],
      "/Users/rudrapratapsinghrathore/Documents/blogapp/config/initializers/cookies_serializer.rb": [
        null,
        null,
        null,
        null,
        1
      ],
      "/Users/rudrapratapsinghrathore/Documents/blogapp/config/initializers/filter_parameter_logging.rb": [
        null,
        null,
        null,
        1,
        null,
        null
      ],
      "/Users/rudrapratapsinghrathore/Documents/blogapp/config/initializers/inflections.rb": [
        null,
        null,
        null,
        null,
        null,
        null,
        null,
        null,
        null,
        null,
        null,
        null,
        null,
        null,
        null,
        null
      ],
      "/Users/rudrapratapsinghrathore/Documents/blogapp/config/initializers/mime_types.rb": [
        null,
        null,
        null,
        null
      ],
      "/Users/rudrapratapsinghrathore/Documents/blogapp/config/initializers/permissions_policy.rb": [
        null,
        null,
        null,
        null,
        null,
        null,
        null,
        null,
        null,
        null,
        null
      ],
      "/Users/rudrapratapsinghrathore/Documents/blogapp/config/initializers/wrap_parameters.rb": [
        null,
        null,
        null,
        null,
        null,
        null,
        1,
        2,
        null,
        null,
        null,
        null,
        null,
        null
      ],
      "/Users/rudrapratapsinghrathore/Documents/blogapp/config/routes.rb": [
        1,
        1,
        1,
        1,
        1,
        1,
        1,
        1,
        1,
        null,
        null
      ],
      "/Users/rudrapratapsinghrathore/Documents/blogapp/app/helpers/application_helper.rb": [
        1,
        null
      ],
      "/Users/rudrapratapsinghrathore/Documents/blogapp/app/helpers/blogapp_helper.rb": [
        1,
        null
      ],
      "/Users/rudrapratapsinghrathore/Documents/blogapp/app/helpers/blogs_helper.rb": [
        1,
        null
      ],
      "/Users/rudrapratapsinghrathore/Documents/blogapp/app/helpers/categories_helper.rb": [
        1,
        null
      ],
      "/Users/rudrapratapsinghrathore/Documents/blogapp/app/helpers/members_helper.rb": [
        1,
        null
      ],
      "/Users/rudrapratapsinghrathore/Documents/blogapp/app/helpers/my_blogs_helper.rb": [
        1,
        null
      ],
      "/Users/rudrapratapsinghrathore/Documents/blogapp/app/helpers/sessions_helper.rb": [
        1,
        1,
        1,
        null,
        null,
        1,
        0,
        null,
        null,
        1,
        0,
        null,
        null,
        1,
        0,
        0,
        null,
        null,
        1,
        1,
        1,
        null,
        null
      ],
      "/Users/rudrapratapsinghrathore/Documents/blogapp/app/controllers/blogs_controller.rb": [
        1,
        1,
        null,
        null,
        null,
        null,
        1,
        0,
        null,
        null,
        null,
        null,
        1,
        null,
        null,
        null,
        1,
        0,
        0,
        null,
        0,
        null,
        null,
        null,
        null,
        1,
        0,
        0,
        0,
        null,
        0,
        null,
        null,
        0,
        null,
        null,
        0,
        null,
        null,
        null,
        null,
        null,
        1,
        0,
        null,
        0,
        0,
        0,
        0,
        null,
        0,
        0,
        null,
        null,
        null,
        null,
        null,
        null,
        1,
        0,
        0,
        0,
        0,
        null,
        0,
        0,
        null,
        null,
        null,
        null,
        null,
        null,
        1,
        0,
        0,
        0,
        0,
        null,
        null,
        null,
        1,
        null,
        1,
        0,
        null,
        null,
        null,
        1,
        0,
        null,
        null
      ],
      "/Users/rudrapratapsinghrathore/Documents/blogapp/app/controllers/application_controller.rb": [
        1,
        1,
        1,
        null,
        1,
        15,
        15,
        0,
        0,
        0,
        null,
        null,
        15,
        null,
        null,
        null
      ],
      "/Users/rudrapratapsinghrathore/Documents/blogapp/spec/controller/creating_category_spec.rb": [
        1,
        null,
        1,
        1,
        1,
        1,
        1,
        null,
        null,
        1,
        1,
        1,
        1,
        null,
        null,
        1,
        1,
        1,
        1,
        null,
        null,
        1,
        1,
        null,
        1,
        1,
        null,
        null,
        1,
        1,
        null,
        1,
        1,
        null,
        null,
        null
      ],
      "/Users/rudrapratapsinghrathore/Documents/blogapp/app/controllers/categories_controller.rb": [
        1,
        1,
        null,
        null,
        null,
        1,
        0,
        0,
        null,
        0,
        null,
        null,
        null,
        null,
        null,
        1,
        null,
        null,
        null,
        1,
        0,
        0,
        null,
        0,
        null,
        null,
        null,
        null,
        1,
        null,
        null,
        null,
        null,
        1,
        0,
        null,
        0,
        0,
        0,
        0,
        null,
        0,
        0,
        null,
        null,
        null,
        null,
        null,
        null,
        1,
        0,
        0,
        0,
        0,
        null,
        0,
        0,
        null,
        null,
        null,
        null,
        null,
        null,
        1,
        0,
        0,
        0,
        0,
        null,
        null,
        null,
        1,
        null,
        1,
        0,
        0,
        null,
        0,
        null,
        null,
        null,
        null,
        1,
        0,
        null,
        null
      ],
      "/Users/rudrapratapsinghrathore/Documents/blogapp/spec/controller/creating_member_spec.rb": [
        1,
        null,
        1,
        1,
        1,
        1,
        1,
        null,
        null,
        1,
        1,
        1,
        1,
        null,
        null,
        1,
        1,
        1,
        1,
        null,
        null,
        1,
        1,
        null,
        1,
        1,
        null,
        null,
        1,
        1,
        null,
        1,
        1,
        null,
        null,
        null
      ],
      "/Users/rudrapratapsinghrathore/Documents/blogapp/app/controllers/members_controller.rb": [
        1,
        1,
        null,
        null,
        null,
        null,
        null,
        1,
        0,
        0,
        null,
        0,
        null,
        null,
        null,
        null,
        null,
        null,
        null,
        1,
        null,
        null,
        null,
        1,
        0,
        0,
        null,
        0,
        null,
        null,
        null,
        null,
        1,
        null,
        null,
        null,
        null,
        1,
        0,
        null,
        null,
        0,
        0,
        0,
        0,
        null,
        0,
        0,
        null,
        null,
        null,
        null,
        null,
        null,
        1,
        0,
        0,
        0,
        0,
        null,
        0,
        0,
        null,
        null,
        null,
        null,
        null,
        null,
        1,
        0,
        0,
        0,
        0,
        null,
        null,
        null,
        1,
        null,
        1,
        0,
        0,
        null,
        0,
        null,
        null,
        null,
        null,
        1,
        0,
        null,
        null
      ],
      "/Users/rudrapratapsinghrathore/Documents/blogapp/spec/controller/session_controller_spec.rb": [
        1,
        null,
        1,
        1,
        1,
        1,
        1,
        null,
        null,
        1,
        1,
        1,
        1,
        null,
        null,
        null
      ],
      "/Users/rudrapratapsinghrathore/Documents/blogapp/app/controllers/sessions_controller.rb": [
        1,
        1,
        null,
        1,
        0,
        0,
        null,
        0,
        null,
        null,
        null,
        1,
        1,
        1,
        1,
        null,
        1,
        1,
        1,
        1,
        1,
        null,
        null,
        null,
        0,
        null,
        null,
        null,
        1,
        1,
        1,
        1,
        1,
        1,
        null,
        null
      ],
      "/Users/rudrapratapsinghrathore/Documents/blogapp/app/models/member.rb": [
        1,
        1,
        1,
        null,
        null
      ],
      "/Users/rudrapratapsinghrathore/Documents/blogapp/app/models/application_record.rb": [
        1,
        1,
        null
      ],
      "/Users/rudrapratapsinghrathore/Documents/blogapp/app/models/role.rb": [
        1,
        1,
        null
      ]
    },
    "timestamp": 1612514309
  }
}
